TN:
SF:src/app.ts
FNF:0
FNH:0
DA:1,1
DA:2,1
DA:3,1
DA:4,1
DA:5,1
DA:6,1
DA:7,1
DA:8,1
DA:9,1
DA:10,1
DA:11,1
LF:11
LH:11
BRF:0
BRH:0
end_of_record
TN:
SF:src/server.ts
FN:1,(empty-report)
FNF:1
FNH:0
FNDA:0,(empty-report)
DA:1,0
DA:2,0
DA:3,0
DA:4,0
DA:5,0
DA:6,0
DA:7,0
LF:7
LH:0
BRDA:1,0,0,0
BRF:1
BRH:0
end_of_record
TN:
SF:src/controllers/users.ts
FN:6,getAllUsers
FN:10,getOneUser
FN:30,insertUser
FN:42,updateUser
FN:69,loginAuthentication
FN:84,logoffAuthentication
FNF:6
FNH:6
FNDA:1,getAllUsers
FNDA:3,getOneUser
FNDA:2,insertUser
FNDA:3,updateUser
FNDA:2,loginAuthentication
FNDA:1,logoffAuthentication
DA:1,1
DA:2,1
DA:3,1
DA:4,1
DA:5,1
DA:6,1
DA:7,1
DA:8,1
DA:9,1
DA:10,3
DA:11,3
DA:12,3
DA:13,3
DA:14,1
DA:15,1
DA:16,2
DA:17,3
DA:18,1
DA:19,1
DA:20,1
DA:21,1
DA:22,1
DA:23,3
DA:24,3
DA:25,1
DA:26,1
DA:27,1
DA:28,3
DA:29,1
DA:30,2
DA:31,2
DA:32,2
DA:33,2
DA:34,2
DA:35,2
DA:36,2
DA:37,0
DA:38,0
DA:39,0
DA:40,2
DA:41,1
DA:42,3
DA:43,3
DA:44,3
DA:45,3
DA:46,3
DA:47,3
DA:48,2
DA:49,2
DA:50,1
DA:51,1
DA:52,1
DA:53,1
DA:54,1
DA:55,1
DA:56,1
DA:57,1
DA:58,1
DA:59,1
DA:60,1
DA:61,1
DA:62,1
DA:63,3
DA:64,0
DA:65,0
DA:66,0
DA:67,3
DA:68,1
DA:69,2
DA:70,2
DA:71,2
DA:72,2
DA:73,2
DA:74,1
DA:75,1
DA:76,1
DA:77,1
DA:78,2
DA:79,0
DA:80,0
DA:81,0
DA:82,2
DA:83,1
DA:84,1
DA:85,1
DA:86,1
DA:87,1
DA:88,1
LF:88
LH:79
BRDA:6,0,0,1
BRDA:10,1,0,3
BRDA:13,2,0,1
BRDA:16,3,0,2
BRDA:17,4,0,1
BRDA:24,5,0,1
BRDA:16,6,0,2
BRDA:30,7,0,2
BRDA:36,8,0,0
BRDA:42,9,0,3
BRDA:47,10,0,2
BRDA:50,11,0,1
BRDA:63,12,0,0
BRDA:46,13,0,3
BRDA:69,14,0,2
BRDA:73,15,0,1
BRDA:78,16,0,0
BRDA:72,17,0,2
BRDA:84,18,0,1
BRF:19
BRH:16
end_of_record
TN:
SF:src/models/users.ts
FNF:0
FNH:0
DA:1,1
DA:2,1
DA:3,1
DA:4,1
DA:5,1
DA:6,1
DA:7,1
DA:8,1
DA:9,1
DA:10,1
DA:11,1
DA:12,1
DA:13,1
DA:14,1
DA:15,1
DA:16,1
DA:17,1
DA:18,1
DA:19,1
DA:20,1
DA:21,1
DA:22,1
DA:23,1
DA:24,1
DA:25,1
DA:26,1
LF:26
LH:26
BRF:0
BRH:0
end_of_record
TN:
SF:src/routes/users.ts
FN:5,usersValidation
FN:16,authValidation
FNF:2
FNH:2
FNDA:6,usersValidation
FNDA:3,authValidation
DA:1,1
DA:2,1
DA:3,1
DA:4,1
DA:5,6
DA:6,6
DA:7,6
DA:8,5
DA:9,5
DA:10,1
DA:11,1
DA:12,1
DA:13,1
DA:14,1
DA:15,1
DA:16,3
DA:17,3
DA:18,3
DA:19,2
DA:20,2
DA:21,1
DA:22,1
DA:23,1
DA:24,1
DA:25,1
DA:26,1
DA:27,1
DA:28,1
DA:29,1
DA:30,1
DA:31,1
DA:32,1
DA:33,1
DA:34,1
DA:35,1
LF:35
LH:35
BRDA:5,0,0,6
BRDA:7,1,0,5
BRDA:10,2,0,1
BRDA:11,3,0,1
BRDA:16,4,0,3
BRDA:18,5,0,2
BRDA:21,6,0,1
BRDA:22,7,0,1
BRF:8
BRH:8
end_of_record
